{"time":"2026-02-28T21:54:09.3852731-05:00","level":"INFO","msg":"[WebView2] Environment created successfully"}
{"time":"2026-02-28T22:04:08.3496045-05:00","level":"INFO","msg":"[WebView2] Environment created successfully"}
{"time":"2026-02-28T22:08:34.16052-05:00","level":"INFO","msg":"Unsolicited response received on idle HTTP channel starting with \"HTTP/1.1 400 Bad Request\\r\\n\\r\\n\"; err=<nil>"}
{"time":"2026-02-28T22:16:40.4976637-05:00","level":"INFO","msg":"[WebView2] Environment created successfully"}
{"time":"2026-02-28T22:17:00.5483841-05:00","level":"INFO","msg":"[WebView2] Environment created successfully"}
{"time":"2026-02-28T22:22:38.4226348-05:00","level":"INFO","msg":"[WebView2] Environment created successfully"}
{"time":"2026-02-28T22:23:46.2636232-05:00","level":"INFO","msg":"[WebView2] Environment created successfully"}
{"time":"2026-02-28T22:24:01.7877652-05:00","level":"INFO","msg":"[WebView2] Environment created successfully"}
{"time":"2026-02-28T22:24:20.5256391-05:00","level":"INFO","source":{"function":"dev.acevedo/backend/services.(*TaskService).AddTask","file":"C:/Users/josed/Documents/Projects/ILMS_Project/ILMS/backend/services/task.go","line":31},"msg":"Task Added","Name":"ola","id":4}
{"time":"2026-02-28T22:25:21.7195084-05:00","level":"INFO","source":{"function":"dev.acevedo/backend/services.(*TaskService).AddTask","file":"C:/Users/josed/Documents/Projects/ILMS_Project/ILMS/backend/services/task.go","line":31},"msg":"Task Added","Name":"gayyy","id":5}
{"time":"2026-03-01T07:59:16.6657694-05:00","level":"INFO","msg":"[WebView2] Environment created successfully"}
{"time":"2026-03-01T08:15:24.7616109-05:00","level":"INFO","msg":"[WebView2] Environment created successfully"}
{"time":"2026-03-01T11:22:52.0334776-05:00","level":"INFO","msg":"[WebView2] Environment created successfully"}
{"time":"2026-03-01T11:29:34.9485328-05:00","level":"INFO","msg":"[WebView2] Environment created successfully"}
{"time":"2026-03-01T11:59:42.9395447-05:00","level":"INFO","msg":"[WebView2] Environment created successfully"}
{"time":"2026-03-01T12:06:35.9532981-05:00","level":"INFO","msg":"[WebView2] Environment created successfully"}
{"time":"2026-03-01T12:12:18.6833864-05:00","level":"INFO","msg":"[WebView2] Environment created successfully"}
{"time":"2026-03-01T12:12:22.0651095-05:00","level":"INFO","source":{"function":"dev.acevedo/backend/services.(*TaskService).UpdateTask","file":"C:/Users/josed/Documents/Projects/ILMS_Project/ILMS/backend/services/task.go","line":67},"msg":"Task updated","Rows affected":1}
{"time":"2026-03-01T12:12:34.2976974-05:00","level":"INFO","source":{"function":"dev.acevedo/backend/services.(*TaskService).UpdateTask","file":"C:/Users/josed/Documents/Projects/ILMS_Project/ILMS/backend/services/task.go","line":67},"msg":"Task updated","Rows affected":1}
{"time":"2026-03-01T12:12:37.3014631-05:00","level":"INFO","source":{"function":"dev.acevedo/backend/services.(*TaskService).UpdateTask","file":"C:/Users/josed/Documents/Projects/ILMS_Project/ILMS/backend/services/task.go","line":67},"msg":"Task updated","Rows affected":1}
{"time":"2026-03-01T12:13:17.4680321-05:00","level":"INFO","msg":"[WebView2] Environment created successfully"}
{"time":"2026-03-02T18:55:57.499884-05:00","level":"INFO","msg":"[WebView2] Environment created successfully"}
{"time":"2026-03-02T18:57:22.618286-05:00","level":"INFO","msg":"Unsolicited response received on idle HTTP channel starting with \"HTTP/1.1 400 Bad Request\\r\\n\\r\\n\"; err=<nil>"}
{"time":"2026-03-04T09:57:17.8513155-05:00","level":"INFO","msg":"[WebView2] Environment created successfully"}
{"time":"2026-03-04T10:03:06.1528536-05:00","level":"INFO","msg":"[WebView2] Environment created successfully"}
{"time":"2026-03-04T10:31:15.4985455-05:00","level":"INFO","source":{"function":"dev.acevedo/backend/services.(*TaskService).UpdateTask","file":"C:/Users/josed/Documents/Projects/ILMS_Project/ILMS/backend/services/task.go","line":67},"msg":"Task updated","Rows affected":1}
{"time":"2026-03-04T21:05:10.6257542-05:00","level":"INFO","msg":"[WebView2] Environment created successfully"}
{"time":"2026-03-04T21:05:19.1217099-05:00","level":"INFO","source":{"function":"dev.acevedo/backend/services.(*TaskService).DeleteTask","file":"C:/Users/josed/Documents/Projects/ILMS_Project/ILMS/backend/services/task.go","line":80},"msg":"Task deleted successfully","Rows affected":1}
{"time":"2026-03-04T21:05:24.4630163-05:00","level":"INFO","source":{"function":"dev.acevedo/backend/services.(*TaskService).DeleteTask","file":"C:/Users/josed/Documents/Projects/ILMS_Project/ILMS/backend/services/task.go","line":80},"msg":"Task deleted successfully","Rows affected":1}
{"time":"2026-03-04T21:05:29.691946-05:00","level":"INFO","source":{"function":"dev.acevedo/backend/services.(*TaskService).DeleteTask","file":"C:/Users/josed/Documents/Projects/ILMS_Project/ILMS/backend/services/task.go","line":80},"msg":"Task deleted successfully","Rows affected":1}
{"time":"2026-03-04T21:05:39.4316931-05:00","level":"INFO","source":{"function":"dev.acevedo/backend/services.(*TaskService).AddTask","file":"C:/Users/josed/Documents/Projects/ILMS_Project/ILMS/backend/services/task.go","line":31},"msg":"Task Added","Name":"borrando","id":4}
{"time":"2026-03-04T21:21:09.0520546-05:00","level":"INFO","msg":"[WebView2] Environment created successfully"}
{"time":"2026-03-04T21:21:21.3859354-05:00","level":"INFO","source":{"function":"dev.acevedo/backend/services.(*TaskService).UpdateTask","file":"C:/Users/josed/Documents/Projects/ILMS_Project/ILMS/backend/services/task.go","line":67},"msg":"Task updated","Rows affected":1}
{"time":"2026-03-04T21:21:23.785808-05:00","level":"INFO","source":{"function":"dev.acevedo/backend/services.(*TaskService).UpdateTask","file":"C:/Users/josed/Documents/Projects/ILMS_Project/ILMS/backend/services/task.go","line":67},"msg":"Task updated","Rows affected":1}
{"time":"2026-03-04T21:21:27.8397192-05:00","level":"INFO","source":{"function":"dev.acevedo/backend/services.(*TaskService).UpdateTask","file":"C:/Users/josed/Documents/Projects/ILMS_Project/ILMS/backend/services/task.go","line":67},"msg":"Task updated","Rows affected":1}
{"time":"2026-03-04T21:21:30.2544379-05:00","level":"INFO","source":{"function":"dev.acevedo/backend/services.(*TaskService).UpdateTask","file":"C:/Users/josed/Documents/Projects/ILMS_Project/ILMS/backend/services/task.go","line":67},"msg":"Task updated","Rows affected":1}
{"time":"2026-03-04T21:21:33.7871414-05:00","level":"INFO","source":{"function":"dev.acevedo/backend/services.(*TaskService).UpdateTask","file":"C:/Users/josed/Documents/Projects/ILMS_Project/ILMS/backend/services/task.go","line":67},"msg":"Task updated","Rows affected":1}
{"time":"2026-03-04T21:21:36.8354234-05:00","level":"INFO","source":{"function":"dev.acevedo/backend/services.(*TaskService).UpdateTask","file":"C:/Users/josed/Documents/Projects/ILMS_Project/ILMS/backend/services/task.go","line":67},"msg":"Task updated","Rows affected":1}
{"time":"2026-03-04T21:23:06.5871624-05:00","level":"INFO","source":{"function":"dev.acevedo/backend/services.(*TaskService).UpdateTask","file":"C:/Users/josed/Documents/Projects/ILMS_Project/ILMS/backend/services/task.go","line":67},"msg":"Task updated","Rows affected":1}
{"time":"2026-03-04T21:23:08.9467258-05:00","level":"INFO","source":{"function":"dev.acevedo/backend/services.(*TaskService).UpdateTask","file":"C:/Users/josed/Documents/Projects/ILMS_Project/ILMS/backend/services/task.go","line":67},"msg":"Task updated","Rows affected":1}
{"time":"2026-03-04T21:23:13.1138592-05:00","level":"INFO","source":{"function":"dev.acevedo/backend/services.(*TaskService).UpdateTask","file":"C:/Users/josed/Documents/Projects/ILMS_Project/ILMS/backend/services/task.go","line":67},"msg":"Task updated","Rows affected":1}
{"time":"2026-03-04T21:23:14.7827877-05:00","level":"INFO","source":{"function":"dev.acevedo/backend/services.(*TaskService).UpdateTask","file":"C:/Users/josed/Documents/Projects/ILMS_Project/ILMS/backend/services/task.go","line":67},"msg":"Task updated","Rows affected":1}
{"time":"2026-03-04T21:23:17.62099-05:00","level":"INFO","source":{"function":"dev.acevedo/backend/services.(*TaskService).UpdateTask","file":"C:/Users/josed/Documents/Projects/ILMS_Project/ILMS/backend/services/task.go","line":67},"msg":"Task updated","Rows affected":1}
{"time":"2026-03-04T21:23:43.4028612-05:00","level":"INFO","source":{"function":"dev.acevedo/backend/services.(*TaskService).UpdateTask","file":"C:/Users/josed/Documents/Projects/ILMS_Project/ILMS/backend/services/task.go","line":67},"msg":"Task updated","Rows affected":1}
{"time":"2026-03-04T21:23:52.5360891-05:00","level":"INFO","source":{"function":"dev.acevedo/backend/services.(*TaskService).AddTask","file":"C:/Users/josed/Documents/Projects/ILMS_Project/ILMS/backend/services/task.go","line":31},"msg":"Task Added","Name":"wef","id":5}
{"time":"2026-03-04T21:24:03.1566217-05:00","level":"INFO","source":{"function":"dev.acevedo/backend/services.(*TaskService).UpdateTask","file":"C:/Users/josed/Documents/Projects/ILMS_Project/ILMS/backend/services/task.go","line":67},"msg":"Task updated","Rows affected":1}
{"time":"2026-03-04T21:24:05.0060203-05:00","level":"INFO","source":{"function":"dev.acevedo/backend/services.(*TaskService).UpdateTask","file":"C:/Users/josed/Documents/Projects/ILMS_Project/ILMS/backend/services/task.go","line":67},"msg":"Task updated","Rows affected":1}
{"time":"2026-03-04T21:24:06.4910112-05:00","level":"INFO","source":{"function":"dev.acevedo/backend/services.(*TaskService).UpdateTask","file":"C:/Users/josed/Documents/Projects/ILMS_Project/ILMS/backend/services/task.go","line":67},"msg":"Task updated","Rows affected":1}
{"time":"2026-03-04T21:24:08.4432757-05:00","level":"INFO","source":{"function":"dev.acevedo/backend/services.(*TaskService).UpdateTask","file":"C:/Users/josed/Documents/Projects/ILMS_Project/ILMS/backend/services/task.go","line":67},"msg":"Task updated","Rows affected":1}
{"time":"2026-03-04T21:24:09.8796802-05:00","level":"INFO","source":{"function":"dev.acevedo/backend/services.(*TaskService).UpdateTask","file":"C:/Users/josed/Documents/Projects/ILMS_Project/ILMS/backend/services/task.go","line":67},"msg":"Task updated","Rows affected":1}
{"time":"2026-03-04T21:24:11.288901-05:00","level":"INFO","source":{"function":"dev.acevedo/backend/services.(*TaskService).UpdateTask","file":"C:/Users/josed/Documents/Projects/ILMS_Project/ILMS/backend/services/task.go","line":67},"msg":"Task updated","Rows affected":1}
{"time":"2026-03-04T21:24:12.8138566-05:00","level":"INFO","source":{"function":"dev.acevedo/backend/services.(*TaskService).UpdateTask","file":"C:/Users/josed/Documents/Projects/ILMS_Project/ILMS/backend/services/task.go","line":67},"msg":"Task updated","Rows affected":1}
{"time":"2026-03-04T21:24:14.3364602-05:00","level":"INFO","source":{"function":"dev.acevedo/backend/services.(*TaskService).UpdateTask","file":"C:/Users/josed/Documents/Projects/ILMS_Project/ILMS/backend/services/task.go","line":67},"msg":"Task updated","Rows affected":1}
{"time":"2026-03-04T21:24:16.0227644-05:00","level":"INFO","source":{"function":"dev.acevedo/backend/services.(*TaskService).UpdateTask","file":"C:/Users/josed/Documents/Projects/ILMS_Project/ILMS/backend/services/task.go","line":67},"msg":"Task updated","Rows affected":1}
{"time":"2026-03-04T21:24:19.6367337-05:00","level":"INFO","source":{"function":"dev.acevedo/backend/services.(*TaskService).UpdateTask","file":"C:/Users/josed/Documents/Projects/ILMS_Project/ILMS/backend/services/task.go","line":67},"msg":"Task updated","Rows affected":1}
{"time":"2026-03-04T21:24:21.2927379-05:00","level":"INFO","source":{"function":"dev.acevedo/backend/services.(*TaskService).UpdateTask","file":"C:/Users/josed/Documents/Projects/ILMS_Project/ILMS/backend/services/task.go","line":67},"msg":"Task updated","Rows affected":1}
{"time":"2026-03-04T21:24:44.6272585-05:00","level":"INFO","source":{"function":"dev.acevedo/backend/services.(*TaskService).UpdateTask","file":"C:/Users/josed/Documents/Projects/ILMS_Project/ILMS/backend/services/task.go","line":67},"msg":"Task updated","Rows affected":1}
{"time":"2026-03-04T21:25:15.3631994-05:00","level":"INFO","source":{"function":"dev.acevedo/backend/services.(*TaskService).UpdateTask","file":"C:/Users/josed/Documents/Projects/ILMS_Project/ILMS/backend/services/task.go","line":67},"msg":"Task updated","Rows affected":1}
{"time":"2026-03-04T21:25:16.9022536-05:00","level":"INFO","source":{"function":"dev.acevedo/backend/services.(*TaskService).UpdateTask","file":"C:/Users/josed/Documents/Projects/ILMS_Project/ILMS/backend/services/task.go","line":67},"msg":"Task updated","Rows affected":1}
{"time":"2026-03-04T21:25:30.5136875-05:00","level":"INFO","msg":"[WebView2] Environment created successfully"}
{"time":"2026-03-04T21:25:34.2633151-05:00","level":"INFO","source":{"function":"dev.acevedo/backend/services.(*TaskService).UpdateTask","file":"C:/Users/josed/Documents/Projects/ILMS_Project/ILMS/backend/services/task.go","line":67},"msg":"Task updated","Rows affected":1}
{"time":"2026-03-04T21:25:36.3408872-05:00","level":"INFO","source":{"function":"dev.acevedo/backend/services.(*TaskService).UpdateTask","file":"C:/Users/josed/Documents/Projects/ILMS_Project/ILMS/backend/services/task.go","line":67},"msg":"Task updated","Rows affected":1}
{"time":"2026-03-04T21:25:37.7715842-05:00","level":"INFO","source":{"function":"dev.acevedo/backend/services.(*TaskService).UpdateTask","file":"C:/Users/josed/Documents/Projects/ILMS_Project/ILMS/backend/services/task.go","line":67},"msg":"Task updated","Rows affected":1}
{"time":"2026-03-04T21:25:39.7887081-05:00","level":"INFO","source":{"function":"dev.acevedo/backend/services.(*TaskService).UpdateTask","file":"C:/Users/josed/Documents/Projects/ILMS_Project/ILMS/backend/services/task.go","line":67},"msg":"Task updated","Rows affected":1}
{"time":"2026-03-04T21:25:41.3068461-05:00","level":"INFO","source":{"function":"dev.acevedo/backend/services.(*TaskService).UpdateTask","file":"C:/Users/josed/Documents/Projects/ILMS_Project/ILMS/backend/services/task.go","line":67},"msg":"Task updated","Rows affected":1}
{"time":"2026-03-04T21:25:42.4270225-05:00","level":"INFO","source":{"function":"dev.acevedo/backend/services.(*TaskService).UpdateTask","file":"C:/Users/josed/Documents/Projects/ILMS_Project/ILMS/backend/services/task.go","line":67},"msg":"Task updated","Rows affected":1}
{"time":"2026-03-04T21:25:45.3605347-05:00","level":"INFO","source":{"function":"dev.acevedo/backend/services.(*TaskService).UpdateTask","file":"C:/Users/josed/Documents/Projects/ILMS_Project/ILMS/backend/services/task.go","line":67},"msg":"Task updated","Rows affected":1}
{"time":"2026-03-04T21:25:46.6565168-05:00","level":"INFO","source":{"function":"dev.acevedo/backend/services.(*TaskService).UpdateTask","file":"C:/Users/josed/Documents/Projects/ILMS_Project/ILMS/backend/services/task.go","line":67},"msg":"Task updated","Rows affected":1}
{"time":"2026-03-04T21:25:59.4746748-05:00","level":"INFO","source":{"function":"dev.acevedo/backend/services.(*TaskService).UpdateTask","file":"C:/Users/josed/Documents/Projects/ILMS_Project/ILMS/backend/services/task.go","line":67},"msg":"Task updated","Rows affected":1}
{"time":"2026-03-04T21:26:01.9706567-05:00","level":"INFO","source":{"function":"dev.acevedo/backend/services.(*TaskService).UpdateTask","file":"C:/Users/josed/Documents/Projects/ILMS_Project/ILMS/backend/services/task.go","line":67},"msg":"Task updated","Rows affected":1}
{"time":"2026-03-04T21:26:04.2490842-05:00","level":"INFO","source":{"function":"dev.acevedo/backend/services.(*TaskService).UpdateTask","file":"C:/Users/josed/Documents/Projects/ILMS_Project/ILMS/backend/services/task.go","line":67},"msg":"Task updated","Rows affected":1}
{"time":"2026-03-04T21:26:06.3933992-05:00","level":"INFO","source":{"function":"dev.acevedo/backend/services.(*TaskService).UpdateTask","file":"C:/Users/josed/Documents/Projects/ILMS_Project/ILMS/backend/services/task.go","line":67},"msg":"Task updated","Rows affected":1}
{"time":"2026-03-04T21:26:46.4397625-05:00","level":"INFO","source":{"function":"dev.acevedo/backend/services.(*TaskService).UpdateTask","file":"C:/Users/josed/Documents/Projects/ILMS_Project/ILMS/backend/services/task.go","line":67},"msg":"Task updated","Rows affected":1}
{"time":"2026-03-04T21:26:47.6158722-05:00","level":"INFO","source":{"function":"dev.acevedo/backend/services.(*TaskService).UpdateTask","file":"C:/Users/josed/Documents/Projects/ILMS_Project/ILMS/backend/services/task.go","line":67},"msg":"Task updated","Rows affected":1}
{"time":"2026-03-04T21:26:57.1933245-05:00","level":"INFO","source":{"function":"dev.acevedo/backend/services.(*TaskService).UpdateTask","file":"C:/Users/josed/Documents/Projects/ILMS_Project/ILMS/backend/services/task.go","line":67},"msg":"Task updated","Rows affected":1}
{"time":"2026-03-04T21:26:58.6659613-05:00","level":"INFO","source":{"function":"dev.acevedo/backend/services.(*TaskService).UpdateTask","file":"C:/Users/josed/Documents/Projects/ILMS_Project/ILMS/backend/services/task.go","line":67},"msg":"Task updated","Rows affected":1}
{"time":"2026-03-04T21:27:00.6312234-05:00","level":"INFO","source":{"function":"dev.acevedo/backend/services.(*TaskService).UpdateTask","file":"C:/Users/josed/Documents/Projects/ILMS_Project/ILMS/backend/services/task.go","line":67},"msg":"Task updated","Rows affected":1}
{"time":"2026-03-04T21:27:05.0794345-05:00","level":"INFO","source":{"function":"dev.acevedo/backend/services.(*TaskService).UpdateTask","file":"C:/Users/josed/Documents/Projects/ILMS_Project/ILMS/backend/services/task.go","line":67},"msg":"Task updated","Rows affected":1}
{"time":"2026-03-04T21:27:06.9977236-05:00","level":"INFO","source":{"function":"dev.acevedo/backend/services.(*TaskService).UpdateTask","file":"C:/Users/josed/Documents/Projects/ILMS_Project/ILMS/backend/services/task.go","line":67},"msg":"Task updated","Rows affected":1}
{"time":"2026-03-04T21:28:04.0847692-05:00","level":"INFO","msg":"[WebView2] Environment created successfully"}
{"time":"2026-03-04T21:29:57.9933748-05:00","level":"INFO","msg":"[WebView2] Environment created successfully"}
{"time":"2026-03-04T21:30:10.3764949-05:00","level":"INFO","source":{"function":"dev.acevedo/backend/services.(*TaskService).UpdateTask","file":"C:/Users/josed/Documents/Projects/ILMS_Project/ILMS/backend/services/task.go","line":67},"msg":"Task updated","Rows affected":1}
{"time":"2026-03-04T21:30:20.5237707-05:00","level":"INFO","source":{"function":"dev.acevedo/backend/services.(*TaskService).UpdateTask","file":"C:/Users/josed/Documents/Projects/ILMS_Project/ILMS/backend/services/task.go","line":67},"msg":"Task updated","Rows affected":1}
{"time":"2026-03-04T21:30:22.6530937-05:00","level":"INFO","source":{"function":"dev.acevedo/backend/services.(*TaskService).UpdateTask","file":"C:/Users/josed/Documents/Projects/ILMS_Project/ILMS/backend/services/task.go","line":67},"msg":"Task updated","Rows affected":1}
{"time":"2026-03-04T21:30:24.1460726-05:00","level":"INFO","source":{"function":"dev.acevedo/backend/services.(*TaskService).UpdateTask","file":"C:/Users/josed/Documents/Projects/ILMS_Project/ILMS/backend/services/task.go","line":67},"msg":"Task updated","Rows affected":1}
{"time":"2026-03-04T21:30:28.0713223-05:00","level":"INFO","source":{"function":"dev.acevedo/backend/services.(*TaskService).UpdateTask","file":"C:/Users/josed/Documents/Projects/ILMS_Project/ILMS/backend/services/task.go","line":67},"msg":"Task updated","Rows affected":1}
{"time":"2026-03-04T21:30:30.7102024-05:00","level":"INFO","source":{"function":"dev.acevedo/backend/services.(*TaskService).UpdateTask","file":"C:/Users/josed/Documents/Projects/ILMS_Project/ILMS/backend/services/task.go","line":67},"msg":"Task updated","Rows affected":1}
{"time":"2026-03-04T21:30:33.3659555-05:00","level":"INFO","source":{"function":"dev.acevedo/backend/services.(*TaskService).UpdateTask","file":"C:/Users/josed/Documents/Projects/ILMS_Project/ILMS/backend/services/task.go","line":67},"msg":"Task updated","Rows affected":1}
{"time":"2026-03-04T21:30:43.3706711-05:00","level":"INFO","source":{"function":"dev.acevedo/backend/services.(*TaskService).UpdateTask","file":"C:/Users/josed/Documents/Projects/ILMS_Project/ILMS/backend/services/task.go","line":67},"msg":"Task updated","Rows affected":1}
{"time":"2026-03-04T21:30:44.9546143-05:00","level":"INFO","source":{"function":"dev.acevedo/backend/services.(*TaskService).UpdateTask","file":"C:/Users/josed/Documents/Projects/ILMS_Project/ILMS/backend/services/task.go","line":67},"msg":"Task updated","Rows affected":1}
{"time":"2026-03-04T21:43:22.9569904-05:00","level":"INFO","source":{"function":"dev.acevedo/backend/services.(*TaskService).UpdateTask","file":"C:/Users/josed/Documents/Projects/ILMS_Project/ILMS/backend/services/task.go","line":67},"msg":"Task updated","Rows affected":1}
{"time":"2026-03-04T21:43:25.4955321-05:00","level":"INFO","source":{"function":"dev.acevedo/backend/services.(*TaskService).UpdateTask","file":"C:/Users/josed/Documents/Projects/ILMS_Project/ILMS/backend/services/task.go","line":67},"msg":"Task updated","Rows affected":1}
{"time":"2026-03-04T21:43:27.8618808-05:00","level":"INFO","source":{"function":"dev.acevedo/backend/services.(*TaskService).UpdateTask","file":"C:/Users/josed/Documents/Projects/ILMS_Project/ILMS/backend/services/task.go","line":67},"msg":"Task updated","Rows affected":1}
{"time":"2026-03-04T21:43:33.8907299-05:00","level":"INFO","source":{"function":"dev.acevedo/backend/services.(*TaskService).DeleteTask","file":"C:/Users/josed/Documents/Projects/ILMS_Project/ILMS/backend/services/task.go","line":80},"msg":"Task deleted successfully","Rows affected":1}
{"time":"2026-03-06T20:01:42.6165154-05:00","level":"INFO","msg":"[WebView2] Environment created successfully"}
{"time":"2026-03-06T20:03:28.6297134-05:00","level":"INFO","msg":"[WebView2] Environment created successfully"}
{"time":"2026-03-06T20:31:45.8436-05:00","level":"INFO","source":{"function":"dev.acevedo/backend/services.(*TaskService).AddTask","file":"C:/Users/josed/Documents/Projects/ILMS_Project/ILMS/backend/services/task.go","line":31},"msg":"Task Added","Name":"","id":6}
{"time":"2026-03-06T20:31:50.9144438-05:00","level":"INFO","source":{"function":"dev.acevedo/backend/services.(*TaskService).DeleteTask","file":"C:/Users/josed/Documents/Projects/ILMS_Project/ILMS/backend/services/task.go","line":80},"msg":"Task deleted successfully","Rows affected":1}
{"time":"2026-03-06T20:32:06.8382882-05:00","level":"INFO","source":{"function":"dev.acevedo/backend/services.(*TaskService).DeleteTask","file":"C:/Users/josed/Documents/Projects/ILMS_Project/ILMS/backend/services/task.go","line":80},"msg":"Task deleted successfully","Rows affected":1}
{"time":"2026-03-07T17:03:20.9053752-05:00","level":"INFO","msg":"[WebView2] Environment created successfully"}
{"time":"2026-03-07T17:04:46.0103507-05:00","level":"INFO","msg":"Unsolicited response received on idle HTTP channel starting with \"HTTP/1.1 400 Bad Request\\r\\n\\r\\n\"; err=<nil>"}
{"time":"2026-03-07T17:10:33.9710813-05:00","level":"INFO","msg":"[WebView2] Environment created successfully"}
{"time":"2026-03-07T17:19:50.2936792-05:00","level":"INFO","msg":"[WebView2] Environment created successfully"}
{"time":"2026-03-07T20:33:31.6878357-05:00","level":"INFO","msg":"[WebView2] Environment created successfully"}
{"time":"2026-03-07T20:33:45.3304087-05:00","level":"INFO","source":{"function":"dev.acevedo/backend/services.(*TaskService).AddTask","file":"C:/Users/josed/Documents/Projects/ILMS_Project/ILMS/backend/services/task.go","line":31},"msg":"Task Added","Name":"borrando","id":6}
{"time":"2026-03-07T20:33:54.5208632-05:00","level":"INFO","source":{"function":"dev.acevedo/backend/services.(*TaskService).DeleteTask","file":"C:/Users/josed/Documents/Projects/ILMS_Project/ILMS/backend/services/task.go","line":80},"msg":"Task deleted successfully","Rows affected":1}
{"time":"2026-03-07T20:38:53.730314-05:00","level":"INFO","source":{"function":"dev.acevedo/backend/services.(*TaskService).UpdateTask","file":"C:/Users/josed/Documents/Projects/ILMS_Project/ILMS/backend/services/task.go","line":67},"msg":"Task updated","Rows affected":1}
{"time":"2026-03-07T20:39:29.9802074-05:00","level":"INFO","msg":"[WebView2] Environment created successfully"}
{"time":"2026-03-07T20:59:07.440775-05:00","level":"INFO","msg":"[WebView2] Environment created successfully"}
{"time":"2026-03-07T21:10:45.7174238-05:00","level":"INFO","msg":"[WebView2] Environment created successfully"}
{"time":"2026-03-07T21:14:36.3274882-05:00","level":"INFO","msg":"[WebView2] Environment created successfully"}
{"time":"2026-03-07T21:14:50.2968807-05:00","level":"ERROR","source":{"function":"dev.acevedo/backend/services.(*TaskService).UpdateTask","file":"C:/Users/josed/Documents/Projects/ILMS_Project/ILMS/backend/services/task.go","line":62},"msg":"Update error caused by","err":"no such column: name"}
{"time":"2026-03-07T21:14:59.6182247-05:00","level":"ERROR","source":{"function":"dev.acevedo/backend/services.(*TaskService).UpdateTask","file":"C:/Users/josed/Documents/Projects/ILMS_Project/ILMS/backend/services/task.go","line":62},"msg":"Update error caused by","err":"no such column: name"}
{"time":"2026-03-07T21:15:00.2899126-05:00","level":"ERROR","source":{"function":"dev.acevedo/backend/services.(*TaskService).UpdateTask","file":"C:/Users/josed/Documents/Projects/ILMS_Project/ILMS/backend/services/task.go","line":62},"msg":"Update error caused by","err":"no such column: name"}
{"time":"2026-03-07T21:15:00.794191-05:00","level":"ERROR","source":{"function":"dev.acevedo/backend/services.(*TaskService).UpdateTask","file":"C:/Users/josed/Documents/Projects/ILMS_Project/ILMS/backend/services/task.go","line":62},"msg":"Update error caused by","err":"no such column: name"}
{"time":"2026-03-07T21:15:06.4623763-05:00","level":"ERROR","source":{"function":"dev.acevedo/backend/services.(*TaskService).UpdateTask","file":"C:/Users/josed/Documents/Projects/ILMS_Project/ILMS/backend/services/task.go","line":62},"msg":"Update error caused by","err":"no such column: name"}
{"time":"2026-03-07T21:15:41.7182765-05:00","level":"INFO","msg":"Unsolicited response received on idle HTTP channel starting with \"HTTP/1.1 400 Bad Request\\r\\n\\r\\n\"; err=<nil>"}
{"time":"2026-03-07T21:17:06.1115999-05:00","level":"ERROR","source":{"function":"dev.acevedo/backend/services.(*TaskService).UpdateTask","file":"C:/Users/josed/Documents/Projects/ILMS_Project/ILMS/backend/services/task.go","line":62},"msg":"Update error caused by","err":"no such column: name"}
{"time":"2026-03-07T21:28:18.5350024-05:00","level":"ERROR","source":{"function":"dev.acevedo/backend/services.(*TaskService).UpdateTask","file":"C:/Users/josed/Documents/Projects/ILMS_Project/ILMS/backend/services/task.go","line":62},"msg":"Update error caused by","err":"no such column: name"}
{"time":"2026-03-07T21:28:20.5139138-05:00","level":"ERROR","source":{"function":"dev.acevedo/backend/services.(*TaskService).UpdateTask","file":"C:/Users/josed/Documents/Projects/ILMS_Project/ILMS/backend/services/task.go","line":62},"msg":"Update error caused by","err":"no such column: name"}
{"time":"2026-03-07T21:29:27.3859335-05:00","level":"INFO","msg":"[WebView2] Environment created successfully"}
{"time":"2026-03-07T21:29:32.6125233-05:00","level":"ERROR","source":{"function":"dev.acevedo/backend/services.(*TaskService).UpdateTask","file":"C:/Users/josed/Documents/Projects/ILMS_Project/ILMS/backend/services/task.go","line":62},"msg":"Update error caused by","err":"no such column: name"}
{"time":"2026-03-07T21:29:35.3935869-05:00","level":"ERROR","source":{"function":"dev.acevedo/backend/services.(*TaskService).UpdateTask","file":"C:/Users/josed/Documents/Projects/ILMS_Project/ILMS/backend/services/task.go","line":62},"msg":"Update error caused by","err":"no such column: name"}
{"time":"2026-03-07T21:29:35.7937195-05:00","level":"ERROR","source":{"function":"dev.acevedo/backend/services.(*TaskService).UpdateTask","file":"C:/Users/josed/Documents/Projects/ILMS_Project/ILMS/backend/services/task.go","line":62},"msg":"Update error caused by","err":"no such column: name"}
{"time":"2026-03-07T21:29:35.9695803-05:00","level":"ERROR","source":{"function":"dev.acevedo/backend/services.(*TaskService).UpdateTask","file":"C:/Users/josed/Documents/Projects/ILMS_Project/ILMS/backend/services/task.go","line":62},"msg":"Update error caused by","err":"no such column: name"}
{"time":"2026-03-07T21:29:36.1295912-05:00","level":"ERROR","source":{"function":"dev.acevedo/backend/services.(*TaskService).UpdateTask","file":"C:/Users/josed/Documents/Projects/ILMS_Project/ILMS/backend/services/task.go","line":62},"msg":"Update error caused by","err":"no such column: name"}
{"time":"2026-03-07T21:30:06.4482544-05:00","level":"INFO","msg":"[WebView2] Environment created successfully"}
{"time":"2026-03-07T21:32:47.8298419-05:00","level":"ERROR","source":{"function":"dev.acevedo/backend/services.(*TaskService).UpdateTask","file":"C:/Users/josed/Documents/Projects/ILMS_Project/ILMS/backend/services/task.go","line":62},"msg":"Update error caused by","err":"no such column: name"}
{"time":"2026-03-07T21:33:01.0671033-05:00","level":"ERROR","source":{"function":"dev.acevedo/backend/services.(*TaskService).UpdateTask","file":"C:/Users/josed/Documents/Projects/ILMS_Project/ILMS/backend/services/task.go","line":62},"msg":"Update error caused by","err":"no such column: name"}
{"time":"2026-03-07T21:33:03.0863581-05:00","level":"ERROR","source":{"function":"dev.acevedo/backend/services.(*TaskService).UpdateTask","file":"C:/Users/josed/Documents/Projects/ILMS_Project/ILMS/backend/services/task.go","line":62},"msg":"Update error caused by","err":"no such column: name"}
{"time":"2026-03-07T21:34:02.3091404-05:00","level":"INFO","msg":"Unsolicited response received on idle HTTP channel starting with \"HTTP/1.1 400 Bad Request\\r\\n\\r\\n\"; err=<nil>"}
{"time":"2026-03-07T21:35:27.236145-05:00","level":"ERROR","source":{"function":"dev.acevedo/backend/services.(*TaskService).UpdateTask","file":"C:/Users/josed/Documents/Projects/ILMS_Project/ILMS/backend/services/task.go","line":62},"msg":"Update error caused by","err":"no such column: name"}
{"time":"2026-03-07T21:35:37.1421076-05:00","level":"ERROR","source":{"function":"dev.acevedo/backend/services.(*TaskService).UpdateTask","file":"C:/Users/josed/Documents/Projects/ILMS_Project/ILMS/backend/services/task.go","line":62},"msg":"Update error caused by","err":"no such column: name"}
{"time":"2026-03-07T21:35:38.911696-05:00","level":"ERROR","source":{"function":"dev.acevedo/backend/services.(*TaskService).UpdateTask","file":"C:/Users/josed/Documents/Projects/ILMS_Project/ILMS/backend/services/task.go","line":62},"msg":"Update error caused by","err":"no such column: name"}
{"time":"2026-03-07T21:35:40.7507303-05:00","level":"ERROR","source":{"function":"dev.acevedo/backend/services.(*TaskService).UpdateTask","file":"C:/Users/josed/Documents/Projects/ILMS_Project/ILMS/backend/services/task.go","line":62},"msg":"Update error caused by","err":"no such column: name"}
{"time":"2026-03-07T21:35:45.5190657-05:00","level":"ERROR","source":{"function":"dev.acevedo/backend/services.(*TaskService).UpdateTask","file":"C:/Users/josed/Documents/Projects/ILMS_Project/ILMS/backend/services/task.go","line":62},"msg":"Update error caused by","err":"no such column: name"}
{"time":"2026-03-07T21:35:55.1521322-05:00","level":"ERROR","source":{"function":"dev.acevedo/backend/services.(*TaskService).UpdateTask","file":"C:/Users/josed/Documents/Projects/ILMS_Project/ILMS/backend/services/task.go","line":62},"msg":"Update error caused by","err":"no such column: name"}
{"time":"2026-03-07T21:35:57.4967638-05:00","level":"ERROR","source":{"function":"dev.acevedo/backend/services.(*TaskService).UpdateTask","file":"C:/Users/josed/Documents/Projects/ILMS_Project/ILMS/backend/services/task.go","line":62},"msg":"Update error caused by","err":"no such column: name"}
{"time":"2026-03-07T21:35:58.7032927-05:00","level":"ERROR","source":{"function":"dev.acevedo/backend/services.(*TaskService).UpdateTask","file":"C:/Users/josed/Documents/Projects/ILMS_Project/ILMS/backend/services/task.go","line":62},"msg":"Update error caused by","err":"no such column: name"}
{"time":"2026-03-07T21:36:05.7571718-05:00","level":"ERROR","source":{"function":"dev.acevedo/backend/services.(*TaskService).UpdateTask","file":"C:/Users/josed/Documents/Projects/ILMS_Project/ILMS/backend/services/task.go","line":62},"msg":"Update error caused by","err":"no such column: name"}
{"time":"2026-03-07T21:37:16.8112445-05:00","level":"INFO","msg":"[WebView2] Environment created successfully"}
{"time":"2026-03-07T21:37:25.5117099-05:00","level":"INFO","source":{"function":"dev.acevedo/backend/services.(*TaskService).UpdateTask","file":"C:/Users/josed/Documents/Projects/ILMS_Project/ILMS/backend/services/task.go","line":66},"msg":"Task updated"}
{"time":"2026-03-07T21:37:28.8949873-05:00","level":"INFO","source":{"function":"dev.acevedo/backend/services.(*TaskService).UpdateTask","file":"C:/Users/josed/Documents/Projects/ILMS_Project/ILMS/backend/services/task.go","line":66},"msg":"Task updated"}
{"time":"2026-03-07T21:37:32.7455171-05:00","level":"INFO","source":{"function":"dev.acevedo/backend/services.(*TaskService).UpdateTask","file":"C:/Users/josed/Documents/Projects/ILMS_Project/ILMS/backend/services/task.go","line":66},"msg":"Task updated"}
{"time":"2026-03-07T21:37:55.6455804-05:00","level":"INFO","source":{"function":"dev.acevedo/backend/services.(*TaskService).UpdateTask","file":"C:/Users/josed/Documents/Projects/ILMS_Project/ILMS/backend/services/task.go","line":66},"msg":"Task updated"}
{"time":"2026-03-07T21:38:20.2350578-05:00","level":"INFO","source":{"function":"dev.acevedo/backend/services.(*TaskService).UpdateTask","file":"C:/Users/josed/Documents/Projects/ILMS_Project/ILMS/backend/services/task.go","line":66},"msg":"Task updated"}
{"time":"2026-03-07T21:38:31.9984341-05:00","level":"INFO","msg":"[WebView2] Environment created successfully"}
{"time":"2026-03-07T21:39:47.1208665-05:00","level":"INFO","source":{"function":"dev.acevedo/backend/services.(*TaskService).UpdateTask","file":"C:/Users/josed/Documents/Projects/ILMS_Project/ILMS/backend/services/task.go","line":66},"msg":"Task updated"}
{"time":"2026-03-07T22:22:32.6406315-05:00","level":"INFO","source":{"function":"dev.acevedo/backend/services.(*TaskService).UpdateTask","file":"C:/Users/josed/Documents/Projects/ILMS_Project/ILMS/backend/services/task.go","line":66},"msg":"Task updated"}
{"time":"2026-03-07T22:22:34.3638412-05:00","level":"INFO","source":{"function":"dev.acevedo/backend/services.(*TaskService).UpdateTask","file":"C:/Users/josed/Documents/Projects/ILMS_Project/ILMS/backend/services/task.go","line":66},"msg":"Task updated"}
{"time":"2026-03-07T22:23:39.0258696-05:00","level":"INFO","msg":"[WebView2] Environment created successfully"}
{"time":"2026-03-07T22:24:17.2060002-05:00","level":"INFO","source":{"function":"dev.acevedo/backend/services.(*TaskService).UpdateTask","file":"C:/Users/josed/Documents/Projects/ILMS_Project/ILMS/backend/services/task.go","line":66},"msg":"Task updated"}
{"time":"2026-03-07T22:24:18.5099436-05:00","level":"INFO","source":{"function":"dev.acevedo/backend/services.(*TaskService).UpdateTask","file":"C:/Users/josed/Documents/Projects/ILMS_Project/ILMS/backend/services/task.go","line":66},"msg":"Task updated"}
{"time":"2026-03-07T22:24:27.7451632-05:00","level":"INFO","source":{"function":"dev.acevedo/backend/services.(*TaskService).UpdateTask","file":"C:/Users/josed/Documents/Projects/ILMS_Project/ILMS/backend/services/task.go","line":66},"msg":"Task updated"}
{"time":"2026-03-07T22:24:59.7750168-05:00","level":"INFO","source":{"function":"dev.acevedo/backend/services.(*TaskService).UpdateTask","file":"C:/Users/josed/Documents/Projects/ILMS_Project/ILMS/backend/services/task.go","line":66},"msg":"Task updated"}
{"time":"2026-03-07T22:26:18.1396378-05:00","level":"INFO","msg":"[WebView2] Environment created successfully"}
{"time":"2026-03-07T22:26:24.6116961-05:00","level":"INFO","source":{"function":"dev.acevedo/backend/services.(*TaskService).UpdateTask","file":"C:/Users/josed/Documents/Projects/ILMS_Project/ILMS/backend/services/task.go","line":66},"msg":"Task updated"}
{"time":"2026-03-07T22:26:26.745218-05:00","level":"INFO","source":{"function":"dev.acevedo/backend/services.(*TaskService).UpdateTask","file":"C:/Users/josed/Documents/Projects/ILMS_Project/ILMS/backend/services/task.go","line":66},"msg":"Task updated"}
{"time":"2026-03-07T22:27:41.3230765-05:00","level":"INFO","source":{"function":"dev.acevedo/backend/services.(*TaskService).UpdateTask","file":"C:/Users/josed/Documents/Projects/ILMS_Project/ILMS/backend/services/task.go","line":66},"msg":"Task updated"}
{"time":"2026-03-07T22:27:49.4551375-05:00","level":"INFO","source":{"function":"dev.acevedo/backend/services.(*TaskService).UpdateTask","file":"C:/Users/josed/Documents/Projects/ILMS_Project/ILMS/backend/services/task.go","line":66},"msg":"Task updated"}
{"time":"2026-03-07T22:28:41.6332918-05:00","level":"INFO","source":{"function":"dev.acevedo/backend/services.(*TaskService).UpdateTask","file":"C:/Users/josed/Documents/Projects/ILMS_Project/ILMS/backend/services/task.go","line":66},"msg":"Task updated"}
{"time":"2026-03-07T22:28:53.1133285-05:00","level":"INFO","source":{"function":"dev.acevedo/backend/services.(*TaskService).UpdateTask","file":"C:/Users/josed/Documents/Projects/ILMS_Project/ILMS/backend/services/task.go","line":66},"msg":"Task updated"}
